Determining if the pthread_create exist failed with the following output:
Change Dir: /home/pi/Downloads/CMVS-PMVS/program/OutputLinux/CMakeFiles/CMakeTmp

Run Build Command:"/usr/bin/make" "cmTC_c052f/fast"
/usr/bin/make -f CMakeFiles/cmTC_c052f.dir/build.make CMakeFiles/cmTC_c052f.dir/build
make[1]: Entering directory '/home/pi/Downloads/CMVS-PMVS/program/OutputLinux/CMakeFiles/CMakeTmp'
Building C object CMakeFiles/cmTC_c052f.dir/CheckSymbolExists.c.o
/usr/bin/cc     -o CMakeFiles/cmTC_c052f.dir/CheckSymbolExists.c.o   -c /home/pi/Downloads/CMVS-PMVS/program/OutputLinux/CMakeFiles/CMakeTmp/CheckSymbolExists.c
Linking C executable cmTC_c052f
/usr/local/bin/cmake -E cmake_link_script CMakeFiles/cmTC_c052f.dir/link.txt --verbose=1
/usr/bin/cc       CMakeFiles/cmTC_c052f.dir/CheckSymbolExists.c.o  -o cmTC_c052f -rdynamic 
CMakeFiles/cmTC_c052f.dir/CheckSymbolExists.c.o: En la función `main':
CheckSymbolExists.c:(.text+0x38): referencia a `pthread_create' sin definir
collect2: error: ld returned 1 exit status
CMakeFiles/cmTC_c052f.dir/build.make:97: recipe for target 'cmTC_c052f' failed
make[1]: Leaving directory '/home/pi/Downloads/CMVS-PMVS/program/OutputLinux/CMakeFiles/CMakeTmp'
make[1]: *** [cmTC_c052f] Error 1
Makefile:126: recipe for target 'cmTC_c052f/fast' failed
make: *** [cmTC_c052f/fast] Error 2

File /home/pi/Downloads/CMVS-PMVS/program/OutputLinux/CMakeFiles/CMakeTmp/CheckSymbolExists.c:
/* */
#include <pthread.h>

int main(int argc, char** argv)
{
  (void)argv;
#ifndef pthread_create
  return ((int*)(&pthread_create))[argc];
#else
  (void)argc;
  return 0;
#endif
}

Determining if the function pthread_create exists in the pthreads failed with the following output:
Change Dir: /home/pi/Downloads/CMVS-PMVS/program/OutputLinux/CMakeFiles/CMakeTmp

Run Build Command:"/usr/bin/make" "cmTC_0b098/fast"
/usr/bin/make -f CMakeFiles/cmTC_0b098.dir/build.make CMakeFiles/cmTC_0b098.dir/build
make[1]: Entering directory '/home/pi/Downloads/CMVS-PMVS/program/OutputLinux/CMakeFiles/CMakeTmp'
Building C object CMakeFiles/cmTC_0b098.dir/CheckFunctionExists.c.o
/usr/bin/cc    -DCHECK_FUNCTION_EXISTS=pthread_create   -o CMakeFiles/cmTC_0b098.dir/CheckFunctionExists.c.o   -c /usr/local/share/cmake-3.4/Modules/CheckFunctionExists.c
Linking C executable cmTC_0b098
/usr/local/bin/cmake -E cmake_link_script CMakeFiles/cmTC_0b098.dir/link.txt --verbose=1
/usr/bin/cc   -DCHECK_FUNCTION_EXISTS=pthread_create    CMakeFiles/cmTC_0b098.dir/CheckFunctionExists.c.o  -o cmTC_0b098 -rdynamic -lpthreads 
/usr/bin/ld: no se puede encontrar -lpthreads
collect2: error: ld returned 1 exit status
CMakeFiles/cmTC_0b098.dir/build.make:97: recipe for target 'cmTC_0b098' failed
make[1]: *** [cmTC_0b098] Error 1
make[1]: Leaving directory '/home/pi/Downloads/CMVS-PMVS/program/OutputLinux/CMakeFiles/CMakeTmp'
Makefile:126: recipe for target 'cmTC_0b098/fast' failed
make: *** [cmTC_0b098/fast] Error 2


